0 silly argv {
0 silly argv   _: [ 'run' ],
0 silly argv   lernaVersion: '6.1.0',
0 silly argv   '$0': '/home/shanky/.npm-packages/bin/lerna',
0 silly argv   script: 'build'
0 silly argv }
1 notice cli v6.1.0
2 verbose rootPath /home/shanky/theBoringUI
3 error JSONError: Unexpected string in JSON at position 937 while parsing '{  "name": "@the-boring/ui-comp",  "ve' in packages/ui-comp/package.json
3 error
3 error [0m [90m 24 |[39m   [32m"scripts"[39m[33m:[39m {[0m
3 error [0m [90m 25 |[39m     [32m"test"[39m[33m:[39m [32m"node ./__tests__/@the-boring/ui-comp.test.js"[39m[0m
3 error [0m[31m[1m>[22m[39m[90m 26 |[39m     [32m"build"[39m[33m:[39m [32m"ui-comp-builder"[39m[0m
3 error [0m [90m    |[39m     [31m[1m^[22m[39m[0m
3 error [0m [90m 27 |[39m   }[33m,[39m[0m
3 error [0m [90m 28 |[39m   [32m"bugs"[39m[33m:[39m {[0m
3 error [0m [90m 29 |[39m     [32m"url"[39m[33m:[39m [32m"https://github.com/rawat-shashank/theBoringUI/issues"[39m[0m
3 error
3 error     at parseJson (/home/shanky/theBoringUI/node_modules/parse-json/index.js:29:21)
3 error     at parse (/home/shanky/theBoringUI/node_modules/load-json-file/index.js:15:9)
3 error     at module.exports (/home/shanky/theBoringUI/node_modules/load-json-file/index.js:18:47)
